<?xml version="1.0" encoding="UTF-8"?>
<!-- Generated by org.testng.reporters.JUnitReportReporter -->
<testsuite hostname="DESKTOP-FT9U0FF" failures="0" tests="2" name="testNG.testNG$Demo" time="24.911" errors="0" timestamp="2024-09-15T15:07:34 IST" skipped="0">
  <testcase classname="testNG.testNG$Demo" name="google" time="3.881"/>
  <testcase classname="testNG.testNG$Demo" name="facebook" time="21.030"/>
</testsuite> <!-- testNG.testNG$Demo -->
