<?xml version="1.0" encoding="UTF-8"?>
<!-- Generated by org.testng.reporters.JUnitReportReporter -->
<testsuite hostname="DESKTOP-FT9U0FF" failures="0" tests="1" name="testNG.CrossBrowsingTesting" time="6.885" errors="0" timestamp="2024-09-15T17:32:26 IST" skipped="0">
  <testcase classname="testNG.CrossBrowsingTesting" name="OpenBrowser" time="6.885"/>
</testsuite> <!-- testNG.CrossBrowsingTesting -->
